<?xml version="1.0" encoding="utf-8" standalone="no"?>
<!--This file represents the results of running a test suite-->
<test-results name="C:\Documents and Settings\shibukerala\My Documents\Visual Studio 2010\Projects\WorkflowBll\WorkflowTest.nunit" total="7" errors="0" failures="2" not-run="0" inconclusive="0" ignored="0" skipped="0" invalid="0" date="2012-12-29" time="20:34:34">
  <environment nunit-version="2.6.2.12296" clr-version="2.0.50727.3643" os-version="Microsoft Windows NT 5.1.2600 Service Pack 3" platform="Win32NT" cwd="C:\Documents and Settings\shibukerala\My Documents\Visual Studio 2010\Projects\WorkflowBll" machine-name="MINE" user="shibukerala" user-domain="MINE" />
  <culture-info current-culture="en-US" current-uiculture="en-US" />
  <test-suite type="Project" name="C:\Documents and Settings\shibukerala\My Documents\Visual Studio 2010\Projects\WorkflowBll\WorkflowTest.nunit" executed="True" result="Failure" success="False" time="0.047" asserts="0">
    <results>
      <test-suite type="Assembly" name="C:\Documents and Settings\shibukerala\My Documents\Visual Studio 2010\Projects\WorkflowBll\WorkflowBll\bin\Debug\WorkflowBll.dll" executed="True" result="Failure" success="False" time="0.047" asserts="0">
        <results>
          <test-suite type="Namespace" name="WorkflowBll" executed="True" result="Failure" success="False" time="0.047" asserts="0">
            <results>
              <test-suite type="Namespace" name="Tests" executed="True" result="Failure" success="False" time="0.047" asserts="0">
                <results>
                  <test-suite type="TestFixture" name="WorkflowTest" executed="True" result="Failure" success="False" time="0.047" asserts="0">
                    <results>
                      <test-case name="WorkflowBll.Tests.WorkflowTest.GetExistingRenameStage" executed="True" result="Success" success="True" time="0.000" asserts="1" />
                      <test-suite type="ParameterizedTest" name="GetManyRenameStage" executed="True" result="Failure" success="False" time="0.047" asserts="0">
                        <results>
                          <test-case name="WorkflowBll.Tests.WorkflowTest.Value 7" executed="True" result="Failure" success="False" time="0.000" asserts="1">
                            <failure>
                              <message><![CDATA[  Expected: null
  But was:  "Wave 1"
]]></message>
                              <stack-trace><![CDATA[at WorkflowBll.Tests.WorkflowTest.GetManyRenameStage(Double id) in C:\Documents and Settings\shibukerala\My Documents\Visual Studio 2010\Projects\WorkflowBll\WorkflowBll\Tests\WorkflowTest.cs:line 46
]]></stack-trace>
                            </failure>
                          </test-case>
                          <test-case name="WorkflowBll.Tests.WorkflowTest.Value 6" executed="True" result="Failure" success="False" time="0.000" asserts="1">
                            <failure>
                              <message><![CDATA[  Expected: null
  But was:  "Wave 1"
]]></message>
                              <stack-trace><![CDATA[at WorkflowBll.Tests.WorkflowTest.GetManyRenameStage(Double id) in C:\Documents and Settings\shibukerala\My Documents\Visual Studio 2010\Projects\WorkflowBll\WorkflowBll\Tests\WorkflowTest.cs:line 46
]]></stack-trace>
                            </failure>
                          </test-case>
                          <test-case name="WorkflowBll.Tests.WorkflowTest.Value 1" executed="True" result="Success" success="True" time="0.000" asserts="1" />
                          <test-case name="WorkflowBll.Tests.WorkflowTest.Value 2" executed="True" result="Success" success="True" time="0.000" asserts="1" />
                          <test-case name="WorkflowBll.Tests.WorkflowTest.Value 5" executed="True" result="Success" success="True" time="0.000" asserts="1" />
                        </results>
                      </test-suite>
                      <test-case name="WorkflowBll.Tests.WorkflowTest.GetNonExistingRenameStage" executed="True" result="Success" success="True" time="0.000" asserts="1" />
                    </results>
                  </test-suite>
                </results>
              </test-suite>
            </results>
          </test-suite>
        </results>
      </test-suite>
    </results>
  </test-suite>
</test-results>